<?xml version="1.0" encoding="UTF-8"?>
<testng-results ignored="0" total="1" passed="1" failed="0" skipped="0">
  <reporter-output>
  </reporter-output>
  <suite started-at="2022-12-12T17:49:30 IST" name="Default suite" finished-at="2022-12-12T17:49:35 IST" duration-ms="5307">
    <groups>
    </groups>
    <test started-at="2022-12-12T17:49:30 IST" name="Default test" finished-at="2022-12-12T17:49:35 IST" duration-ms="5307">
      <class name="Maven_demo.Demo_webshop_search_Test">
        <test-method signature="TC_Search()[pri:0, instance:Maven_demo.Demo_webshop_search_Test@243c4f91]" started-at="2022-12-12T17:49:30 IST" name="TC_Search" finished-at="2022-12-12T17:49:35 IST" duration-ms="5235" status="PASS">
          <reporter-output>
          </reporter-output>
        </test-method> <!-- TC_Search -->
      </class> <!-- Maven_demo.Demo_webshop_search_Test -->
    </test> <!-- Default test -->
  </suite> <!-- Default suite -->
</testng-results>
